{
  "stats": {
    "suites": 0,
    "tests": 3,
    "passes": 3,
    "pending": 0,
    "failures": 0,
    "start": "2022-11-10T17:57:38.837Z",
    "end": "2022-11-10T17:57:51.343Z",
    "duration": 12506,
    "testsRegistered": 3,
    "passPercent": 100,
    "pendingPercent": 0,
    "other": 0,
    "hasOther": false,
    "skipped": 0,
    "hasSkipped": false
  },
  "results": [
    {
      "uuid": "449549c3-42b9-488d-bdff-31fc083ff1e0",
      "title": "",
      "fullFile": "cypress\\e2e\\authorization.cy.js",
      "file": "cypress\\e2e\\authorization.cy.js",
      "beforeHooks": [],
      "afterHooks": [],
      "tests": [
        {
          "title": "Authorization",
          "fullTitle": "Authorization",
          "timedOut": null,
          "duration": 5413,
          "state": "passed",
          "speed": "medium",
          "pass": true,
          "fail": false,
          "pending": false,
          "context": null,
          "code": "_AuthorizationPage.default.visit();\n_AuthorizationPage.default.submitLoginForm(_user.default.userName, _user.default.password);\n_AccountPage.default.getUserNameFromHeading().should('contain', _user.default.firstName).and('contain', \"My Account\");\ncy.getCookie('AC_SF_8CEFDA09D5').should('exist');",
          "err": {},
          "uuid": "8f53625a-6e8b-41ab-b57e-99a72a99057b",
          "parentUUID": "449549c3-42b9-488d-bdff-31fc083ff1e0",
          "isHook": false,
          "skipped": false
        },
        {
          "title": "Test inheritance",
          "fullTitle": "Test inheritance",
          "timedOut": null,
          "duration": 839,
          "state": "passed",
          "speed": "fast",
          "pass": true,
          "fail": false,
          "pending": false,
          "context": null,
          "code": "_AuthorizationPage.default.visit();\n_AuthorizationPage.default.performSearch('i');",
          "err": {},
          "uuid": "2abe3b50-ca82-4167-a044-dd3878b85ef7",
          "parentUUID": "449549c3-42b9-488d-bdff-31fc083ff1e0",
          "isHook": false,
          "skipped": false
        },
        {
          "title": "Authorization errors",
          "fullTitle": "Authorization errors",
          "timedOut": null,
          "duration": 6132,
          "state": "passed",
          "speed": "medium",
          "pass": true,
          "fail": false,
          "pending": false,
          "context": null,
          "code": "_AuthorizationPage.default.visit();\n_AuthorizationPage.default.submitLoginForm('!./\\%|', _user.default.password);\n_AuthorizationPage.default.checkErrorMessage();\n_AuthorizationPage.default.submitLoginForm(_user.default.userName, 'hehe');\n_AuthorizationPage.default.checkErrorMessage();\n_AuthorizationPage.default.submitLoginForm('hehe', _user.default.password);\n_AuthorizationPage.default.checkErrorMessage();",
          "err": {},
          "uuid": "e8a45eda-c027-4732-910e-cc6c288ebad0",
          "parentUUID": "449549c3-42b9-488d-bdff-31fc083ff1e0",
          "isHook": false,
          "skipped": false
        }
      ],
      "suites": [],
      "passes": [
        "8f53625a-6e8b-41ab-b57e-99a72a99057b",
        "2abe3b50-ca82-4167-a044-dd3878b85ef7",
        "e8a45eda-c027-4732-910e-cc6c288ebad0"
      ],
      "failures": [],
      "pending": [],
      "skipped": [],
      "duration": 12384,
      "root": true,
      "rootEmpty": false,
      "_timeout": 2000
    }
  ],
  "meta": {
    "mocha": {
      "version": "7.0.1"
    },
    "mochawesome": {
      "options": {
        "quiet": false,
        "reportFilename": "mochawesome",
        "saveHtml": false,
        "saveJson": true,
        "consoleReporter": "spec",
        "useInlineDiffs": false,
        "code": true
      },
      "version": "7.1.3"
    },
    "marge": {
      "options": {
        "configFile": "reporter-config.json",
        "reportDir": "cypress/results",
        "overwrite": false,
        "html": false,
        "json": true
      },
      "version": "6.2.0"
    }
  }
}