{
  "stats": {
    "suites": 0,
    "tests": 3,
    "passes": 3,
    "pending": 0,
    "failures": 0,
    "start": "2022-11-10T18:58:15.185Z",
    "end": "2022-11-10T18:59:07.274Z",
    "duration": 52089,
    "testsRegistered": 3,
    "passPercent": 100,
    "pendingPercent": 0,
    "other": 0,
    "hasOther": false,
    "skipped": 0,
    "hasSkipped": false
  },
  "results": [
    {
      "uuid": "2318d7e2-596c-4eb3-a31a-4c88e4445cbc",
      "title": "",
      "fullFile": "cypress\\e2e\\createOrder.cy.js",
      "file": "cypress\\e2e\\createOrder.cy.js",
      "beforeHooks": [],
      "afterHooks": [],
      "tests": [
        {
          "title": "Place order",
          "fullTitle": "Place order",
          "timedOut": null,
          "duration": 12670,
          "state": "passed",
          "speed": "slow",
          "pass": true,
          "fail": false,
          "pending": false,
          "context": null,
          "code": "cy.visit('/index.php?rt=product/product&product_id=52');\n_OrderCreation.default.createOrder();",
          "err": {},
          "uuid": "e94b32ab-9220-4afb-b065-1c2fd8968288",
          "parentUUID": "2318d7e2-596c-4eb3-a31a-4c88e4445cbc",
          "isHook": false,
          "skipped": false
        },
        {
          "title": "Place order via search",
          "fullTitle": "Place order via search",
          "timedOut": null,
          "duration": 12917,
          "state": "passed",
          "speed": "slow",
          "pass": true,
          "fail": false,
          "pending": false,
          "context": null,
          "code": "cy.visit('/');\n(0, _helper.searchExistingProduct)('Benefit Bella Bamba');\n_OrderCreation.default.createOrder();",
          "err": {},
          "uuid": "38dab2bf-97bb-4c7c-9b84-00e137e74604",
          "parentUUID": "2318d7e2-596c-4eb3-a31a-4c88e4445cbc",
          "isHook": false,
          "skipped": false
        },
        {
          "title": "Place order via search page by page",
          "fullTitle": "Place order via search page by page",
          "timedOut": null,
          "duration": 25874,
          "state": "passed",
          "speed": "slow",
          "pass": true,
          "fail": false,
          "pending": false,
          "context": null,
          "code": "cy.visit('/');\n(0, _helper.searchExistingProduct)('I');\n(0, _helper.searchExistingProductPageByPage)('Fiorella Purple Peep Toes');\n_OrderCreation.default.createOrder();",
          "err": {},
          "uuid": "f6dff8bf-4d7e-4389-a845-e17664f8d942",
          "parentUUID": "2318d7e2-596c-4eb3-a31a-4c88e4445cbc",
          "isHook": false,
          "skipped": false
        }
      ],
      "suites": [],
      "passes": [
        "e94b32ab-9220-4afb-b065-1c2fd8968288",
        "38dab2bf-97bb-4c7c-9b84-00e137e74604",
        "f6dff8bf-4d7e-4389-a845-e17664f8d942"
      ],
      "failures": [],
      "pending": [],
      "skipped": [],
      "duration": 51461,
      "root": true,
      "rootEmpty": false,
      "_timeout": 2000
    }
  ],
  "meta": {
    "mocha": {
      "version": "7.0.1"
    },
    "mochawesome": {
      "options": {
        "quiet": false,
        "reportFilename": "mochawesome",
        "saveHtml": false,
        "saveJson": true,
        "consoleReporter": "spec",
        "useInlineDiffs": false,
        "code": true
      },
      "version": "7.1.3"
    },
    "marge": {
      "options": {
        "configFile": "reporter-config.json",
        "reportDir": "cypress/results",
        "overwrite": false,
        "html": false,
        "json": true
      },
      "version": "6.2.0"
    }
  }
}