{
  "stats": {
    "suites": 0,
    "tests": 1,
    "passes": 1,
    "pending": 0,
    "failures": 0,
    "start": "2022-11-10T18:59:31.999Z",
    "end": "2022-11-10T18:59:53.049Z",
    "duration": 21050,
    "testsRegistered": 1,
    "passPercent": 100,
    "pendingPercent": 0,
    "other": 0,
    "hasOther": false,
    "skipped": 0,
    "hasSkipped": false
  },
  "results": [
    {
      "uuid": "e8a64483-bd57-4264-842c-cf98ad1ad403",
      "title": "",
      "fullFile": "cypress\\e2e\\registration.cy.js",
      "file": "cypress\\e2e\\registration.cy.js",
      "beforeHooks": [],
      "afterHooks": [],
      "tests": [
        {
          "title": "Reg",
          "fullTitle": "Reg",
          "timedOut": null,
          "duration": 20718,
          "state": "passed",
          "speed": "slow",
          "pass": true,
          "fail": false,
          "pending": false,
          "context": null,
          "code": "cy.log(\"**Open registration page**\");\n_RegistrationPage.default.visit();\ncy.log(\"**Fill up the registration form**\");\n_RegistrationPage.default.fillUpRegistrationForm();\ncy.log(\"**Verify thank you message**\");\n_RegistrationPage.default.checkGreetingMessage();",
          "err": {},
          "uuid": "caea08f1-bfb9-493a-9e13-4ad102c0aca3",
          "parentUUID": "e8a64483-bd57-4264-842c-cf98ad1ad403",
          "isHook": false,
          "skipped": false
        }
      ],
      "suites": [],
      "passes": [
        "caea08f1-bfb9-493a-9e13-4ad102c0aca3"
      ],
      "failures": [],
      "pending": [],
      "skipped": [],
      "duration": 20718,
      "root": true,
      "rootEmpty": false,
      "_timeout": 2000
    }
  ],
  "meta": {
    "mocha": {
      "version": "7.0.1"
    },
    "mochawesome": {
      "options": {
        "quiet": false,
        "reportFilename": "mochawesome",
        "saveHtml": false,
        "saveJson": true,
        "consoleReporter": "spec",
        "useInlineDiffs": false,
        "code": true
      },
      "version": "7.1.3"
    },
    "marge": {
      "options": {
        "configFile": "reporter-config.json",
        "reportDir": "cypress/results",
        "overwrite": false,
        "html": false,
        "json": true
      },
      "version": "6.2.0"
    }
  }
}