{
  "stats": {
    "suites": 0,
    "tests": 1,
    "passes": 1,
    "pending": 0,
    "failures": 0,
    "start": "2022-11-08T18:07:13.296Z",
    "end": "2022-11-08T18:07:29.196Z",
    "duration": 15900,
    "testsRegistered": 1,
    "passPercent": 100,
    "pendingPercent": 0,
    "other": 0,
    "hasOther": false,
    "skipped": 0,
    "hasSkipped": false
  },
  "results": [
    {
      "uuid": "47a80635-376f-4524-960b-f2228974509e",
      "title": "",
      "fullFile": "cypress\\e2e\\registration.cy.js",
      "file": "cypress\\e2e\\registration.cy.js",
      "beforeHooks": [],
      "afterHooks": [],
      "tests": [
        {
          "title": "Reg",
          "fullTitle": "Reg",
          "timedOut": null,
          "duration": 15688,
          "state": "passed",
          "speed": "slow",
          "pass": true,
          "fail": false,
          "pending": false,
          "context": null,
          "code": "cy.log(\"**Open registration page**\");\n_RegistrationPage.default.visit();\ncy.log(\"**Fill up the registration form**\");\n_RegistrationPage.default.fillUpRegistrationForm();\ncy.log(\"**Verify thank you message**\");\n_RegistrationPage.default.checkGreetingMessage();",
          "err": {},
          "uuid": "bee39cc4-b7df-45b3-9139-ef128f6ce1f3",
          "parentUUID": "47a80635-376f-4524-960b-f2228974509e",
          "isHook": false,
          "skipped": false
        }
      ],
      "suites": [],
      "passes": [
        "bee39cc4-b7df-45b3-9139-ef128f6ce1f3"
      ],
      "failures": [],
      "pending": [],
      "skipped": [],
      "duration": 15688,
      "root": true,
      "rootEmpty": false,
      "_timeout": 2000
    }
  ],
  "meta": {
    "mocha": {
      "version": "7.0.1"
    },
    "mochawesome": {
      "options": {
        "quiet": false,
        "reportFilename": "mochawesome",
        "saveHtml": true,
        "saveJson": true,
        "consoleReporter": "spec",
        "useInlineDiffs": false,
        "code": true
      },
      "version": "7.1.3"
    },
    "marge": {
      "options": {
        "reportDir": "cypress/results",
        "overwrite": false,
        "html": true,
        "json": true,
        "reportir": "cypress/results"
      },
      "version": "6.2.0"
    }
  }
}