{
  "stats": {
    "suites": 0,
    "tests": 1,
    "passes": 1,
    "pending": 0,
    "failures": 0,
    "start": "2022-11-10T18:01:06.785Z",
    "end": "2022-11-10T18:01:27.105Z",
    "duration": 20320,
    "testsRegistered": 1,
    "passPercent": 100,
    "pendingPercent": 0,
    "other": 0,
    "hasOther": false,
    "skipped": 0,
    "hasSkipped": false
  },
  "results": [
    {
      "uuid": "5e8c44cc-a8f5-4cdf-ac43-9ceec3d01791",
      "title": "",
      "fullFile": "cypress\\e2e\\registration.cy.js",
      "file": "cypress\\e2e\\registration.cy.js",
      "beforeHooks": [],
      "afterHooks": [],
      "tests": [
        {
          "title": "Reg",
          "fullTitle": "Reg",
          "timedOut": null,
          "duration": 20024,
          "state": "passed",
          "speed": "slow",
          "pass": true,
          "fail": false,
          "pending": false,
          "context": null,
          "code": "cy.log(\"**Open registration page**\");\n_RegistrationPage.default.visit();\ncy.log(\"**Fill up the registration form**\");\n_RegistrationPage.default.fillUpRegistrationForm();\ncy.log(\"**Verify thank you message**\");\n_RegistrationPage.default.checkGreetingMessage();",
          "err": {},
          "uuid": "638e3d4e-4e53-493f-8663-fa495aa0ad8f",
          "parentUUID": "5e8c44cc-a8f5-4cdf-ac43-9ceec3d01791",
          "isHook": false,
          "skipped": false
        }
      ],
      "suites": [],
      "passes": [
        "638e3d4e-4e53-493f-8663-fa495aa0ad8f"
      ],
      "failures": [],
      "pending": [],
      "skipped": [],
      "duration": 20024,
      "root": true,
      "rootEmpty": false,
      "_timeout": 2000
    }
  ],
  "meta": {
    "mocha": {
      "version": "7.0.1"
    },
    "mochawesome": {
      "options": {
        "quiet": false,
        "reportFilename": "mochawesome",
        "saveHtml": false,
        "saveJson": true,
        "consoleReporter": "spec",
        "useInlineDiffs": false,
        "code": true
      },
      "version": "7.1.3"
    },
    "marge": {
      "options": {
        "configFile": "reporter-config.json",
        "reportDir": "cypress/results",
        "overwrite": false,
        "html": false,
        "json": true
      },
      "version": "6.2.0"
    }
  }
}