{
  "stats": {
    "suites": 0,
    "tests": 3,
    "passes": 3,
    "pending": 0,
    "failures": 0,
    "start": "2022-11-10T17:59:28.886Z",
    "end": "2022-11-10T18:00:38.272Z",
    "duration": 69386,
    "testsRegistered": 3,
    "passPercent": 100,
    "pendingPercent": 0,
    "other": 0,
    "hasOther": false,
    "skipped": 0,
    "hasSkipped": false
  },
  "results": [
    {
      "uuid": "2c0122ee-af3e-41e1-b692-bcce0efc2fce",
      "title": "",
      "fullFile": "cypress\\e2e\\createOrder.cy.js",
      "file": "cypress\\e2e\\createOrder.cy.js",
      "beforeHooks": [],
      "afterHooks": [],
      "tests": [
        {
          "title": "Place order",
          "fullTitle": "Place order",
          "timedOut": null,
          "duration": 15346,
          "state": "passed",
          "speed": "slow",
          "pass": true,
          "fail": false,
          "pending": false,
          "context": null,
          "code": "cy.visit('/index.php?rt=product/product&product_id=52');\n_OrderCreation.default.createOrder();",
          "err": {},
          "uuid": "ad56930c-2ebc-472d-bb36-7e11effc189b",
          "parentUUID": "2c0122ee-af3e-41e1-b692-bcce0efc2fce",
          "isHook": false,
          "skipped": false
        },
        {
          "title": "Place order via search",
          "fullTitle": "Place order via search",
          "timedOut": null,
          "duration": 15495,
          "state": "passed",
          "speed": "slow",
          "pass": true,
          "fail": false,
          "pending": false,
          "context": null,
          "code": "cy.visit('/');\n(0, _helper.searchExistingProduct)('Benefit Bella Bamba');\n_OrderCreation.default.createOrder();",
          "err": {},
          "uuid": "fcf92953-4d61-4483-8257-882e54c18d1d",
          "parentUUID": "2c0122ee-af3e-41e1-b692-bcce0efc2fce",
          "isHook": false,
          "skipped": false
        },
        {
          "title": "Place order via search page by page",
          "fullTitle": "Place order via search page by page",
          "timedOut": null,
          "duration": 37987,
          "state": "passed",
          "speed": "slow",
          "pass": true,
          "fail": false,
          "pending": false,
          "context": null,
          "code": "cy.visit('/');\n(0, _helper.searchExistingProduct)('I');\n(0, _helper.searchExistingProductPageByPage)('Fiorella Purple Peep Toes');\n_OrderCreation.default.createOrder();",
          "err": {},
          "uuid": "e099cf1a-7e75-4c23-9412-199077177ade",
          "parentUUID": "2c0122ee-af3e-41e1-b692-bcce0efc2fce",
          "isHook": false,
          "skipped": false
        }
      ],
      "suites": [],
      "passes": [
        "ad56930c-2ebc-472d-bb36-7e11effc189b",
        "fcf92953-4d61-4483-8257-882e54c18d1d",
        "e099cf1a-7e75-4c23-9412-199077177ade"
      ],
      "failures": [],
      "pending": [],
      "skipped": [],
      "duration": 68828,
      "root": true,
      "rootEmpty": false,
      "_timeout": 2000
    }
  ],
  "meta": {
    "mocha": {
      "version": "7.0.1"
    },
    "mochawesome": {
      "options": {
        "quiet": false,
        "reportFilename": "mochawesome",
        "saveHtml": false,
        "saveJson": true,
        "consoleReporter": "spec",
        "useInlineDiffs": false,
        "code": true
      },
      "version": "7.1.3"
    },
    "marge": {
      "options": {
        "configFile": "reporter-config.json",
        "reportDir": "cypress/results",
        "overwrite": false,
        "html": false,
        "json": true
      },
      "version": "6.2.0"
    }
  }
}