{
  "stats": {
    "suites": 0,
    "tests": 3,
    "passes": 3,
    "pending": 0,
    "failures": 0,
    "start": "2022-11-10T17:59:07.656Z",
    "end": "2022-11-10T17:59:21.256Z",
    "duration": 13600,
    "testsRegistered": 3,
    "passPercent": 100,
    "pendingPercent": 0,
    "other": 0,
    "hasOther": false,
    "skipped": 0,
    "hasSkipped": false
  },
  "results": [
    {
      "uuid": "b8f7f775-f0d2-4ea0-8c01-bfe17a350037",
      "title": "",
      "fullFile": "cypress\\e2e\\authorization.cy.js",
      "file": "cypress\\e2e\\authorization.cy.js",
      "beforeHooks": [],
      "afterHooks": [],
      "tests": [
        {
          "title": "Authorization",
          "fullTitle": "Authorization",
          "timedOut": null,
          "duration": 5534,
          "state": "passed",
          "speed": "medium",
          "pass": true,
          "fail": false,
          "pending": false,
          "context": null,
          "code": "_AuthorizationPage.default.visit();\n_AuthorizationPage.default.submitLoginForm(_user.default.userName, _user.default.password);\n_AccountPage.default.getUserNameFromHeading().should('contain', _user.default.firstName).and('contain', \"My Account\");\ncy.getCookie('AC_SF_8CEFDA09D5').should('exist');",
          "err": {},
          "uuid": "f72c8181-9288-42a7-8e1a-382854883ff9",
          "parentUUID": "b8f7f775-f0d2-4ea0-8c01-bfe17a350037",
          "isHook": false,
          "skipped": false
        },
        {
          "title": "Test inheritance",
          "fullTitle": "Test inheritance",
          "timedOut": null,
          "duration": 1052,
          "state": "passed",
          "speed": "fast",
          "pass": true,
          "fail": false,
          "pending": false,
          "context": null,
          "code": "_AuthorizationPage.default.visit();\n_AuthorizationPage.default.performSearch('i');",
          "err": {},
          "uuid": "adec3c14-5ed3-4c04-b5cd-6ee4cb132163",
          "parentUUID": "b8f7f775-f0d2-4ea0-8c01-bfe17a350037",
          "isHook": false,
          "skipped": false
        },
        {
          "title": "Authorization errors",
          "fullTitle": "Authorization errors",
          "timedOut": null,
          "duration": 6879,
          "state": "passed",
          "speed": "medium",
          "pass": true,
          "fail": false,
          "pending": false,
          "context": null,
          "code": "_AuthorizationPage.default.visit();\n_AuthorizationPage.default.submitLoginForm('!./\\%|', _user.default.password);\n_AuthorizationPage.default.checkErrorMessage();\n_AuthorizationPage.default.submitLoginForm(_user.default.userName, 'hehe');\n_AuthorizationPage.default.checkErrorMessage();\n_AuthorizationPage.default.submitLoginForm('hehe', _user.default.password);\n_AuthorizationPage.default.checkErrorMessage();",
          "err": {},
          "uuid": "2f3829d0-49e4-4d29-8048-6254f6cfcfa7",
          "parentUUID": "b8f7f775-f0d2-4ea0-8c01-bfe17a350037",
          "isHook": false,
          "skipped": false
        }
      ],
      "suites": [],
      "passes": [
        "f72c8181-9288-42a7-8e1a-382854883ff9",
        "adec3c14-5ed3-4c04-b5cd-6ee4cb132163",
        "2f3829d0-49e4-4d29-8048-6254f6cfcfa7"
      ],
      "failures": [],
      "pending": [],
      "skipped": [],
      "duration": 13465,
      "root": true,
      "rootEmpty": false,
      "_timeout": 2000
    }
  ],
  "meta": {
    "mocha": {
      "version": "7.0.1"
    },
    "mochawesome": {
      "options": {
        "quiet": false,
        "reportFilename": "mochawesome",
        "saveHtml": false,
        "saveJson": true,
        "consoleReporter": "spec",
        "useInlineDiffs": false,
        "code": true
      },
      "version": "7.1.3"
    },
    "marge": {
      "options": {
        "configFile": "reporter-config.json",
        "reportDir": "cypress/results",
        "overwrite": false,
        "html": false,
        "json": true
      },
      "version": "6.2.0"
    }
  }
}