{
  "stats": {
    "suites": 0,
    "tests": 3,
    "passes": 3,
    "pending": 0,
    "failures": 0,
    "start": "2022-11-10T18:57:50.766Z",
    "end": "2022-11-10T18:58:06.946Z",
    "duration": 16180,
    "testsRegistered": 3,
    "passPercent": 100,
    "pendingPercent": 0,
    "other": 0,
    "hasOther": false,
    "skipped": 0,
    "hasSkipped": false
  },
  "results": [
    {
      "uuid": "88d86a11-b25e-48e0-be1b-d06d482bf081",
      "title": "",
      "fullFile": "cypress\\e2e\\authorization.cy.js",
      "file": "cypress\\e2e\\authorization.cy.js",
      "beforeHooks": [],
      "afterHooks": [],
      "tests": [
        {
          "title": "Authorization",
          "fullTitle": "Authorization",
          "timedOut": null,
          "duration": 7495,
          "state": "passed",
          "speed": "medium",
          "pass": true,
          "fail": false,
          "pending": false,
          "context": null,
          "code": "_AuthorizationPage.default.visit();\n_AuthorizationPage.default.submitLoginForm(_user.default.userName, _user.default.password);\n_AccountPage.default.getUserNameFromHeading().should('contain', _user.default.firstName).and('contain', \"My Account\");\ncy.getCookie('AC_SF_8CEFDA09D5').should('exist');",
          "err": {},
          "uuid": "e20051f6-f9a8-4477-a493-d4503cd31508",
          "parentUUID": "88d86a11-b25e-48e0-be1b-d06d482bf081",
          "isHook": false,
          "skipped": false
        },
        {
          "title": "Test inheritance",
          "fullTitle": "Test inheritance",
          "timedOut": null,
          "duration": 1712,
          "state": "passed",
          "speed": "fast",
          "pass": true,
          "fail": false,
          "pending": false,
          "context": null,
          "code": "_AuthorizationPage.default.visit();\n_AuthorizationPage.default.performSearch('i');",
          "err": {},
          "uuid": "38892834-ea7c-4796-87eb-551daa0be7fb",
          "parentUUID": "88d86a11-b25e-48e0-be1b-d06d482bf081",
          "isHook": false,
          "skipped": false
        },
        {
          "title": "Authorization errors",
          "fullTitle": "Authorization errors",
          "timedOut": null,
          "duration": 6815,
          "state": "passed",
          "speed": "medium",
          "pass": true,
          "fail": false,
          "pending": false,
          "context": null,
          "code": "_AuthorizationPage.default.visit();\n_AuthorizationPage.default.submitLoginForm('!./\\%|', _user.default.password);\n_AuthorizationPage.default.checkErrorMessage();\n_AuthorizationPage.default.submitLoginForm(_user.default.userName, 'hehe');\n_AuthorizationPage.default.checkErrorMessage();\n_AuthorizationPage.default.submitLoginForm('hehe', _user.default.password);\n_AuthorizationPage.default.checkErrorMessage();",
          "err": {},
          "uuid": "45b2e5bc-cdef-459b-8201-5768cd5a7aa9",
          "parentUUID": "88d86a11-b25e-48e0-be1b-d06d482bf081",
          "isHook": false,
          "skipped": false
        }
      ],
      "suites": [],
      "passes": [
        "e20051f6-f9a8-4477-a493-d4503cd31508",
        "38892834-ea7c-4796-87eb-551daa0be7fb",
        "45b2e5bc-cdef-459b-8201-5768cd5a7aa9"
      ],
      "failures": [],
      "pending": [],
      "skipped": [],
      "duration": 16022,
      "root": true,
      "rootEmpty": false,
      "_timeout": 2000
    }
  ],
  "meta": {
    "mocha": {
      "version": "7.0.1"
    },
    "mochawesome": {
      "options": {
        "quiet": false,
        "reportFilename": "mochawesome",
        "saveHtml": false,
        "saveJson": true,
        "consoleReporter": "spec",
        "useInlineDiffs": false,
        "code": true
      },
      "version": "7.1.3"
    },
    "marge": {
      "options": {
        "configFile": "reporter-config.json",
        "reportDir": "cypress/results",
        "overwrite": false,
        "html": false,
        "json": true
      },
      "version": "6.2.0"
    }
  }
}