{
  "stats": {
    "suites": 0,
    "tests": 3,
    "passes": 3,
    "pending": 0,
    "failures": 0,
    "start": "2022-11-08T18:05:52.824Z",
    "end": "2022-11-08T18:06:04.218Z",
    "duration": 11394,
    "testsRegistered": 3,
    "passPercent": 100,
    "pendingPercent": 0,
    "other": 0,
    "hasOther": false,
    "skipped": 0,
    "hasSkipped": false
  },
  "results": [
    {
      "uuid": "e286d8f6-9252-4018-96e3-c841b272ab6b",
      "title": "",
      "fullFile": "cypress\\e2e\\authorization.cy.js",
      "file": "cypress\\e2e\\authorization.cy.js",
      "beforeHooks": [],
      "afterHooks": [],
      "tests": [
        {
          "title": "Authorization",
          "fullTitle": "Authorization",
          "timedOut": null,
          "duration": 4409,
          "state": "passed",
          "speed": "fast",
          "pass": true,
          "fail": false,
          "pending": false,
          "context": null,
          "code": "_AuthorizationPage.default.visit();\n_AuthorizationPage.default.submitLoginForm(_user.default.userName, _user.default.password);\n_AccountPage.default.getUserNameFromHeading().should('contain', _user.default.firstName).and('contain', \"My Account\");\ncy.getCookie('AC_SF_8CEFDA09D5').should('exist');",
          "err": {},
          "uuid": "d9958535-67f8-4cd6-a23e-b87c63a88f43",
          "parentUUID": "e286d8f6-9252-4018-96e3-c841b272ab6b",
          "isHook": false,
          "skipped": false
        },
        {
          "title": "Test inheritance",
          "fullTitle": "Test inheritance",
          "timedOut": null,
          "duration": 878,
          "state": "passed",
          "speed": "fast",
          "pass": true,
          "fail": false,
          "pending": false,
          "context": null,
          "code": "_AuthorizationPage.default.visit();\n_AuthorizationPage.default.performSearch('i');",
          "err": {},
          "uuid": "dbfed88f-e4a3-40f9-8b13-e692e815b586",
          "parentUUID": "e286d8f6-9252-4018-96e3-c841b272ab6b",
          "isHook": false,
          "skipped": false
        },
        {
          "title": "Authorization errors",
          "fullTitle": "Authorization errors",
          "timedOut": null,
          "duration": 5997,
          "state": "passed",
          "speed": "medium",
          "pass": true,
          "fail": false,
          "pending": false,
          "context": null,
          "code": "_AuthorizationPage.default.visit();\n_AuthorizationPage.default.submitLoginForm('!./\\%|', _user.default.password);\n_AuthorizationPage.default.checkErrorMessage();\n_AuthorizationPage.default.submitLoginForm(_user.default.userName, 'hehe');\n_AuthorizationPage.default.checkErrorMessage();\n_AuthorizationPage.default.submitLoginForm('hehe', _user.default.password);\n_AuthorizationPage.default.checkErrorMessage();",
          "err": {},
          "uuid": "3b0587ac-395e-454d-8340-013373e2c379",
          "parentUUID": "e286d8f6-9252-4018-96e3-c841b272ab6b",
          "isHook": false,
          "skipped": false
        }
      ],
      "suites": [],
      "passes": [
        "d9958535-67f8-4cd6-a23e-b87c63a88f43",
        "dbfed88f-e4a3-40f9-8b13-e692e815b586",
        "3b0587ac-395e-454d-8340-013373e2c379"
      ],
      "failures": [],
      "pending": [],
      "skipped": [],
      "duration": 11284,
      "root": true,
      "rootEmpty": false,
      "_timeout": 2000
    }
  ],
  "meta": {
    "mocha": {
      "version": "7.0.1"
    },
    "mochawesome": {
      "options": {
        "quiet": false,
        "reportFilename": "mochawesome",
        "saveHtml": true,
        "saveJson": true,
        "consoleReporter": "spec",
        "useInlineDiffs": false,
        "code": true
      },
      "version": "7.1.3"
    },
    "marge": {
      "options": {
        "reportDir": "cypress/results",
        "overwrite": false,
        "html": true,
        "json": true,
        "reportir": "cypress/results"
      },
      "version": "6.2.0"
    }
  }
}